00:30:01:
开始升值处理2022-11-06 00:30:01

00:30:01:
升值处理成功数量:0，时间：2022-11-06 00:30:01

00:30:01:
升值处理结束:2022-11-06 00:30:01

01:30:01:
开始升值处理2022-11-06 01:30:01

01:30:01:
升值处理成功数量:0，时间：2022-11-06 01:30:01

01:30:01:
升值处理结束:2022-11-06 01:30:01

02:30:01:
开始升值处理2022-11-06 02:30:01

02:30:01:
升值处理成功数量:0，时间：2022-11-06 02:30:01

02:30:01:
升值处理结束:2022-11-06 02:30:01

03:30:01:
开始升值处理2022-11-06 03:30:01

03:30:01:
升值处理成功数量:0，时间：2022-11-06 03:30:01

03:30:01:
升值处理结束:2022-11-06 03:30:01

04:30:01:
开始升值处理2022-11-06 04:30:01

04:30:01:
升值处理成功数量:0，时间：2022-11-06 04:30:01

04:30:01:
升值处理结束:2022-11-06 04:30:01

05:30:01:
开始升值处理2022-11-06 05:30:01

05:30:01:
升值处理成功数量:0，时间：2022-11-06 05:30:01

05:30:01:
升值处理结束:2022-11-06 05:30:01

06:30:01:
开始升值处理2022-11-06 06:30:01

06:30:01:
升值处理成功数量:0，时间：2022-11-06 06:30:01

06:30:01:
升值处理结束:2022-11-06 06:30:01

07:30:01:
开始升值处理2022-11-06 07:30:01

07:30:01:
升值处理成功数量:0，时间：2022-11-06 07:30:01

07:30:01:
升值处理结束:2022-11-06 07:30:01

08:30:02:
开始升值处理2022-11-06 08:30:02

08:30:02:
升值处理成功数量:2，时间：2022-11-06 08:30:02

08:30:02:
升值处理结束:2022-11-06 08:30:02

09:30:01:
开始升值处理2022-11-06 09:30:01

09:30:01:
升值处理成功数量:5，时间：2022-11-06 09:30:01

09:30:01:
升值处理结束:2022-11-06 09:30:01

10:30:01:
开始升值处理2022-11-06 10:30:01

10:30:01:
升值处理成功数量:0，时间：2022-11-06 10:30:01

10:30:01:
升值处理结束:2022-11-06 10:30:01

11:30:01:
开始升值处理2022-11-06 11:30:01

11:30:01:
升值处理成功数量:0，时间：2022-11-06 11:30:01

11:30:01:
升值处理结束:2022-11-06 11:30:01

12:30:02:
开始升值处理2022-11-06 12:30:02

12:30:02:
升值处理成功数量:2，时间：2022-11-06 12:30:02

12:30:02:
升值处理结束:2022-11-06 12:30:02

13:30:01:
开始升值处理2022-11-06 13:30:01

13:30:01:
升值处理成功数量:15，时间：2022-11-06 13:30:01

13:30:01:
升值处理结束:2022-11-06 13:30:01

14:30:01:
开始升值处理2022-11-06 14:30:01

14:30:01:
升值处理失败Undefined index: balance2022-11-06 14:30:01

14:30:01:
升值处理结束:2022-11-06 14:30:01

15:30:01:
开始升值处理2022-11-06 15:30:01

15:30:01:
升值处理失败Undefined index: balance2022-11-06 15:30:01

15:30:01:
升值处理结束:2022-11-06 15:30:01

16:30:02:
开始升值处理2022-11-06 16:30:02

16:30:02:
升值处理失败Undefined index: balance2022-11-06 16:30:02

16:30:02:
升值处理结束:2022-11-06 16:30:02

17:30:03:
开始升值处理2022-11-06 17:30:03

17:30:03:
升值处理失败Undefined index: balance2022-11-06 17:30:03

17:30:03:
升值处理结束:2022-11-06 17:30:03

18:30:01:
开始升值处理2022-11-06 18:30:01

18:30:01:
升值处理失败Undefined index: balance2022-11-06 18:30:01

18:30:01:
升值处理结束:2022-11-06 18:30:01

20:30:02:
开始升值处理2022-11-06 20:30:02

20:30:02:
升值处理失败Undefined index: balance2022-11-06 20:30:02

20:30:02:
升值处理结束:2022-11-06 20:30:02

21:30:04:
开始升值处理2022-11-06 21:30:04

21:30:04:
升值处理失败Undefined index: balance2022-11-06 21:30:04

21:30:04:
升值处理结束:2022-11-06 21:30:04

22:30:03:
开始升值处理2022-11-06 22:30:03

22:30:03:
升值处理失败Undefined index: balance2022-11-06 22:30:03

22:30:03:
升值处理结束:2022-11-06 22:30:03

23:30:02:
开始升值处理2022-11-06 23:30:02

23:30:02:
升值处理失败Undefined index: balance2022-11-06 23:30:02

23:30:02:
升值处理结束:2022-11-06 23:30:02

