00:30:03:
开始升值处理2022-11-07 00:30:03

00:30:03:
升值处理失败Undefined index: balance2022-11-07 00:30:03

00:30:03:
升值处理结束:2022-11-07 00:30:03

01:30:02:
开始升值处理2022-11-07 01:30:02

01:30:02:
升值处理失败Undefined index: balance2022-11-07 01:30:02

01:30:02:
升值处理结束:2022-11-07 01:30:02

02:30:02:
开始升值处理2022-11-07 02:30:02

02:30:02:
升值处理失败Undefined index: balance2022-11-07 02:30:02

02:30:02:
升值处理结束:2022-11-07 02:30:02

03:30:02:
开始升值处理2022-11-07 03:30:02

03:30:02:
升值处理失败Undefined index: balance2022-11-07 03:30:02

03:30:02:
升值处理结束:2022-11-07 03:30:02

04:30:02:
开始升值处理2022-11-07 04:30:02

04:30:02:
升值处理失败Undefined index: balance2022-11-07 04:30:02

04:30:02:
升值处理结束:2022-11-07 04:30:02

05:30:02:
开始升值处理2022-11-07 05:30:02

05:30:02:
升值处理失败Undefined index: balance2022-11-07 05:30:02

05:30:02:
升值处理结束:2022-11-07 05:30:02

06:30:02:
开始升值处理2022-11-07 06:30:02

06:30:02:
升值处理失败Undefined index: balance2022-11-07 06:30:02

06:30:02:
升值处理结束:2022-11-07 06:30:02

07:30:02:
开始升值处理2022-11-07 07:30:02

07:30:02:
升值处理失败Undefined index: balance2022-11-07 07:30:02

07:30:02:
升值处理结束:2022-11-07 07:30:02

08:30:02:
开始升值处理2022-11-07 08:30:02

08:30:02:
升值处理失败Undefined index: balance2022-11-07 08:30:02

08:30:02:
升值处理结束:2022-11-07 08:30:02

09:18:19:
开始升值处理2022-11-07 09:18:19

09:18:19:
升值处理失败Undefined index: balance2022-11-07 09:18:19

09:18:19:
升值处理结束:2022-11-07 09:18:19

09:18:33:
开始升值处理2022-11-07 09:18:33

09:18:33:
升值处理失败Undefined index: balance2022-11-07 09:18:33

09:18:33:
升值处理结束:2022-11-07 09:18:33

09:18:40:
开始升值处理2022-11-07 09:18:40

09:18:40:
升值处理失败Undefined index: balance2022-11-07 09:18:40

09:18:40:
升值处理结束:2022-11-07 09:18:40

09:19:24:
开始升值处理2022-11-07 09:19:24

09:19:24:
升值处理失败Undefined index: balance2022-11-07 09:19:24

09:19:24:
升值处理结束:2022-11-07 09:19:24

09:20:11:
开始升值处理2022-11-07 09:20:11

09:20:11:
升值处理失败Undefined index: balance2022-11-07 09:20:11

09:20:11:
升值处理结束:2022-11-07 09:20:11

09:21:37:
开始升值处理2022-11-07 09:21:37

09:21:37:
升值处理失败Undefined index: balance2022-11-07 09:21:37

09:21:37:
升值处理结束:2022-11-07 09:21:37

09:25:28:
开始升值处理2022-11-07 09:25:28

09:25:28:
升值处理失败Undefined index: balance2022-11-07 09:25:28

09:25:28:
升值处理结束:2022-11-07 09:25:28

09:28:10:
开始升值处理2022-11-07 09:28:10

09:28:10:
升值处理失败Undefined index: balance2022-11-07 09:28:10

09:28:10:
升值处理结束:2022-11-07 09:28:10

09:28:22:
开始升值处理2022-11-07 09:28:22

09:28:22:
升值处理失败Undefined index: balance2022-11-07 09:28:22

09:28:22:
升值处理结束:2022-11-07 09:28:22

09:30:02:
开始升值处理2022-11-07 09:30:02

09:30:02:
升值处理结束:2022-11-07 09:30:02

09:32:35:
开始升值处理2022-11-07 09:32:35

09:32:35:
升值处理结束:2022-11-07 09:32:35

10:30:01:
开始升值处理2022-11-07 10:30:01

10:30:02:
升值处理结束:2022-11-07 10:30:02

11:30:02:
开始升值处理2022-11-07 11:30:02

11:30:02:
升值处理成功数量:0，时间：2022-11-07 11:30:02

11:30:02:
升值处理结束:2022-11-07 11:30:02

12:30:02:
开始升值处理2022-11-07 12:30:02

12:30:02:
升值处理成功数量:0，时间：2022-11-07 12:30:02

12:30:02:
升值处理结束:2022-11-07 12:30:02

13:30:02:
开始升值处理2022-11-07 13:30:02

13:30:02:
升值处理成功数量:0，时间：2022-11-07 13:30:02

13:30:02:
升值处理结束:2022-11-07 13:30:02

14:30:02:
开始升值处理2022-11-07 14:30:02

14:30:02:
升值处理成功数量:0，时间：2022-11-07 14:30:02

14:30:02:
升值处理结束:2022-11-07 14:30:02

15:30:02:
开始升值处理2022-11-07 15:30:02

15:30:02:
升值处理成功数量:0，时间：2022-11-07 15:30:02

15:30:02:
升值处理结束:2022-11-07 15:30:02

16:30:02:
开始升值处理2022-11-07 16:30:02

16:30:02:
升值处理成功数量:0，时间：2022-11-07 16:30:02

16:30:02:
升值处理结束:2022-11-07 16:30:02

17:30:02:
开始升值处理2022-11-07 17:30:02

17:30:02:
升值处理成功数量:0，时间：2022-11-07 17:30:02

17:30:02:
升值处理结束:2022-11-07 17:30:02

18:30:02:
开始升值处理2022-11-07 18:30:02

18:30:02:
升值处理成功数量:0，时间：2022-11-07 18:30:02

18:30:02:
升值处理结束:2022-11-07 18:30:02

19:30:02:
开始升值处理2022-11-07 19:30:02

19:30:02:
升值处理成功数量:0，时间：2022-11-07 19:30:02

19:30:02:
升值处理结束:2022-11-07 19:30:02

20:30:02:
开始升值处理2022-11-07 20:30:02

20:30:02:
升值处理成功数量:0，时间：2022-11-07 20:30:02

20:30:02:
升值处理结束:2022-11-07 20:30:02

21:30:02:
开始升值处理2022-11-07 21:30:02

21:30:02:
升值处理成功数量:0，时间：2022-11-07 21:30:02

21:30:02:
升值处理结束:2022-11-07 21:30:02

22:30:02:
开始升值处理2022-11-07 22:30:02

22:30:02:
升值处理成功数量:0，时间：2022-11-07 22:30:02

22:30:02:
升值处理结束:2022-11-07 22:30:02

23:30:02:
开始升值处理2022-11-07 23:30:02

23:30:02:
升值处理成功数量:0，时间：2022-11-07 23:30:02

23:30:02:
升值处理结束:2022-11-07 23:30:02

